#! /c/Source/iverilog-install/bin/vvp
:ivl_version "12.0 (devel)" "(s20150603-1539-g2693dd32b)";
:ivl_delay_selection "TYPICAL";
:vpi_time_precision - 9;
:vpi_module "C:\iverilog\lib\ivl\system.vpi";
:vpi_module "C:\iverilog\lib\ivl\vhdl_sys.vpi";
:vpi_module "C:\iverilog\lib\ivl\vhdl_textio.vpi";
:vpi_module "C:\iverilog\lib\ivl\v2005_math.vpi";
:vpi_module "C:\iverilog\lib\ivl\va_math.vpi";
S_00000265d6f57010 .scope module, "sequential_tb_elevator" "sequential_tb_elevator" 2 3;
 .timescale -9 -9;
v00000265d6fabe70_0 .var "clk", 0 0;
v00000265d6fab970_0 .net "door_open", 0 0, v00000265d6f566c0_0;  1 drivers
v00000265d6fabf10_0 .var "elevator_arrived", 0 0;
v00000265d6fac4b0_0 .net "elevator_direction", 0 0, L_00000265d6fadb00;  1 drivers
v00000265d6fac5f0_0 .net "floor1_led", 0 0, L_00000265d6fac410;  1 drivers
v00000265d6fac550_0 .net "floor2_led", 0 0, L_00000265d6fac690;  1 drivers
v00000265d6fabfb0_0 .net "floor3_led", 0 0, L_00000265d6fac840;  1 drivers
v00000265d6fabab0_0 .var "floor_button1", 0 0;
v00000265d6fac050_0 .var "floor_button2", 0 0;
v00000265d6fac190_0 .var "floor_button3", 0 0;
v00000265d6fac2d0_0 .var "rst", 0 0;
S_00000265d6f32830 .scope module, "elevator_instance" "sequential_elevator" 2 17, 3 1 0, S_00000265d6f57010;
 .timescale 0 0;
    .port_info 0 /INPUT 1 "clk";
    .port_info 1 /INPUT 1 "rst";
    .port_info 2 /INPUT 1 "floor_button1";
    .port_info 3 /INPUT 1 "floor_button2";
    .port_info 4 /INPUT 1 "floor_button3";
    .port_info 5 /INPUT 1 "elevator_arrived";
    .port_info 6 /OUTPUT 1 "floor1_led";
    .port_info 7 /OUTPUT 1 "floor2_led";
    .port_info 8 /OUTPUT 1 "floor3_led";
    .port_info 9 /OUTPUT 1 "elevator_direction";
    .port_info 10 /OUTPUT 1 "door_open";
P_00000265d6f318b0 .param/l "CHECK_NEXT_REQUEST" 0 3 20, C4<00>;
P_00000265d6f318e8 .param/l "GOING_DOWN" 0 3 18, C4<10>;
P_00000265d6f31920 .param/l "GOING_UP" 0 3 17, C4<01>;
P_00000265d6f31958 .param/l "IDLE" 0 3 16, C4<00>;
P_00000265d6f31990 .param/l "T_DOOR" 0 3 24, +C4<00000000000000000000000000000010>;
P_00000265d6f319c8 .param/l "T_WAIT" 0 3 23, +C4<00000000000000000000000000000100>;
P_00000265d6f31a00 .param/l "WAITING" 0 3 19, C4<11>;
L_00000265d6ff0088 .functor BUFT 1, C4<00>, C4<0>, C4<0>, C4<0>;
v00000265d6f31f80_0 .net/2u *"_ivl_0", 1 0, L_00000265d6ff0088;  1 drivers
L_00000265d6ff00d0 .functor BUFT 1, C4<01>, C4<0>, C4<0>, C4<0>;
v00000265d6f035a0_0 .net/2u *"_ivl_4", 1 0, L_00000265d6ff00d0;  1 drivers
L_00000265d6ff0118 .functor BUFT 1, C4<10>, C4<0>, C4<0>, C4<0>;
v00000265d6eebdf0_0 .net/2u *"_ivl_8", 1 0, L_00000265d6ff0118;  1 drivers
v00000265d6f563a0_0 .net "clk", 0 0, v00000265d6fabe70_0;  1 drivers
v00000265d6f56440_0 .var "current_floor", 1 0;
v00000265d6f564e0_0 .var "current_state", 1 0;
v00000265d6f56580_0 .var "direction", 1 0;
v00000265d6f56620_0 .var "door_counter", 3 0;
v00000265d6f566c0_0 .var "door_open", 0 0;
v00000265d6f56760_0 .net "elevator_arrived", 0 0, v00000265d6fabf10_0;  1 drivers
v00000265d6fab830_0 .net "elevator_direction", 0 0, L_00000265d6fadb00;  alias, 1 drivers
v00000265d6faba10_0 .net "floor1_led", 0 0, L_00000265d6fac410;  alias, 1 drivers
v00000265d6fab8d0_0 .net "floor2_led", 0 0, L_00000265d6fac690;  alias, 1 drivers
v00000265d6fabb50_0 .net "floor3_led", 0 0, L_00000265d6fac840;  alias, 1 drivers
v00000265d6fabdd0_0 .net "floor_button1", 0 0, v00000265d6fabab0_0;  1 drivers
v00000265d6fac370_0 .net "floor_button2", 0 0, v00000265d6fac050_0;  1 drivers
v00000265d6fabbf0_0 .net "floor_button3", 0 0, v00000265d6fac190_0;  1 drivers
v00000265d6fab790_0 .var "floor_requests", 2 0;
v00000265d6fac230_0 .var "next_floor", 1 0;
v00000265d6fac0f0_0 .var "next_state", 1 0;
v00000265d6fabc90_0 .net "rst", 0 0, v00000265d6fac2d0_0;  1 drivers
v00000265d6fabd30_0 .var "wait_counter", 3 0;
E_00000265d6f2dd20 .event posedge, v00000265d6f563a0_0;
L_00000265d6fac410 .cmp/eq 2, v00000265d6f56440_0, L_00000265d6ff0088;
L_00000265d6fac690 .cmp/eq 2, v00000265d6f56440_0, L_00000265d6ff00d0;
L_00000265d6fac840 .cmp/eq 2, v00000265d6f56440_0, L_00000265d6ff0118;
L_00000265d6fadb00 .part v00000265d6f56580_0, 0, 1;
    .scope S_00000265d6f32830;
T_0 ;
    %wait E_00000265d6f2dd20;
    %load/vec4 v00000265d6fabc90_0;
    %flag_set/vec4 8;
    %jmp/0xz  T_0.0, 8;
    %pushi/vec4 0, 0, 2;
    %assign/vec4 v00000265d6f564e0_0, 0;
    %pushi/vec4 0, 0, 2;
    %assign/vec4 v00000265d6f56440_0, 0;
    %pushi/vec4 0, 0, 2;
    %assign/vec4 v00000265d6fac230_0, 0;
    %pushi/vec4 0, 0, 3;
    %assign/vec4 v00000265d6fab790_0, 0;
    %pushi/vec4 0, 0, 2;
    %assign/vec4 v00000265d6f56580_0, 0;
    %pushi/vec4 0, 0, 4;
    %assign/vec4 v00000265d6fabd30_0, 0;
    %pushi/vec4 0, 0, 4;
    %assign/vec4 v00000265d6f56620_0, 0;
    %pushi/vec4 0, 0, 1;
    %assign/vec4 v00000265d6f566c0_0, 0;
    %jmp T_0.1;
T_0.0 ;
    %load/vec4 v00000265d6fac0f0_0;
    %assign/vec4 v00000265d6f564e0_0, 0;
    %load/vec4 v00000265d6fac230_0;
    %assign/vec4 v00000265d6f56440_0, 0;
    %load/vec4 v00000265d6fab790_0;
    %load/vec4 v00000265d6fabdd0_0;
    %pad/u 3;
    %or;
    %load/vec4 v00000265d6fac370_0;
    %pad/u 3;
    %ix/load 4, 1, 0;
    %flag_set/imm 4, 0;
    %shiftl 4;
    %or;
    %load/vec4 v00000265d6fabbf0_0;
    %pad/u 3;
    %ix/load 4, 2, 0;
    %flag_set/imm 4, 0;
    %shiftl 4;
    %or;
    %assign/vec4 v00000265d6fab790_0, 0;
    %load/vec4 v00000265d6f564e0_0;
    %dup/vec4;
    %pushi/vec4 0, 0, 2;
    %cmp/u;
    %jmp/1 T_0.2, 6;
    %dup/vec4;
    %pushi/vec4 1, 0, 2;
    %cmp/u;
    %jmp/1 T_0.3, 6;
    %dup/vec4;
    %pushi/vec4 2, 0, 2;
    %cmp/u;
    %jmp/1 T_0.4, 6;
    %dup/vec4;
    %pushi/vec4 3, 0, 2;
    %cmp/u;
    %jmp/1 T_0.5, 6;
    %dup/vec4;
    %pushi/vec4 0, 0, 2;
    %cmp/u;
    %jmp/1 T_0.6, 6;
    %jmp T_0.7;
T_0.2 ;
    %load/vec4 v00000265d6fab790_0;
    %cmpi/ne 0, 0, 3;
    %jmp/0xz  T_0.8, 4;
    %load/vec4 v00000265d6fab790_0;
    %pushi/vec4 7, 0, 3;
    %ix/getv 4, v00000265d6f56440_0;
    %shiftl 4;
    %and;
    %cmpi/ne 0, 0, 3;
    %jmp/0xz  T_0.10, 4;
    %pushi/vec4 1, 0, 2;
    %store/vec4 v00000265d6fac0f0_0, 0, 2;
    %load/vec4 v00000265d6f56440_0;
    %addi 1, 0, 2;
    %store/vec4 v00000265d6fac230_0, 0, 2;
    %pushi/vec4 1, 0, 2;
    %store/vec4 v00000265d6f56580_0, 0, 2;
    %jmp T_0.11;
T_0.10 ;
    %pushi/vec4 2, 0, 2;
    %store/vec4 v00000265d6fac0f0_0, 0, 2;
    %load/vec4 v00000265d6f56440_0;
    %subi 1, 0, 2;
    %store/vec4 v00000265d6fac230_0, 0, 2;
    %pushi/vec4 2, 0, 2;
    %store/vec4 v00000265d6f56580_0, 0, 2;
T_0.11 ;
    %pushi/vec4 4, 0, 4;
    %assign/vec4 v00000265d6fabd30_0, 0;
    %jmp T_0.9;
T_0.8 ;
    %pushi/vec4 0, 0, 2;
    %store/vec4 v00000265d6fac0f0_0, 0, 2;
    %load/vec4 v00000265d6f56440_0;
    %store/vec4 v00000265d6fac230_0, 0, 2;
    %pushi/vec4 0, 0, 2;
    %store/vec4 v00000265d6f56580_0, 0, 2;
    %pushi/vec4 0, 0, 4;
    %assign/vec4 v00000265d6fabd30_0, 0;
T_0.9 ;
    %jmp T_0.7;
T_0.3 ;
    %load/vec4 v00000265d6f56760_0;
    %flag_set/vec4 8;
    %jmp/0xz  T_0.12, 8;
    %load/vec4 v00000265d6fab790_0;
    %pad/u 32;
    %pushi/vec4 1, 0, 32;
    %ix/getv 4, v00000265d6f56440_0;
    %shiftl 4;
    %and;
    %cmpi/ne 0, 0, 32;
    %jmp/0xz  T_0.14, 4;
    %pushi/vec4 3, 0, 2;
    %store/vec4 v00000265d6fac0f0_0, 0, 2;
    %load/vec4 v00000265d6f56440_0;
    %store/vec4 v00000265d6fac230_0, 0, 2;
    %pushi/vec4 0, 0, 2;
    %store/vec4 v00000265d6f56580_0, 0, 2;
    %pushi/vec4 4, 0, 4;
    %assign/vec4 v00000265d6fabd30_0, 0;
    %pushi/vec4 1, 0, 1;
    %assign/vec4 v00000265d6f566c0_0, 0;
    %pushi/vec4 2, 0, 4;
    %assign/vec4 v00000265d6f56620_0, 0;
    %jmp T_0.15;
T_0.14 ;
    %pushi/vec4 1, 0, 2;
    %store/vec4 v00000265d6fac0f0_0, 0, 2;
    %load/vec4 v00000265d6f56440_0;
    %addi 1, 0, 2;
    %store/vec4 v00000265d6fac230_0, 0, 2;
    %pushi/vec4 1, 0, 2;
    %store/vec4 v00000265d6f56580_0, 0, 2;
    %pushi/vec4 0, 0, 4;
    %assign/vec4 v00000265d6fabd30_0, 0;
T_0.15 ;
    %jmp T_0.13;
T_0.12 ;
    %pushi/vec4 1, 0, 2;
    %store/vec4 v00000265d6fac0f0_0, 0, 2;
    %load/vec4 v00000265d6f56440_0;
    %store/vec4 v00000265d6fac230_0, 0, 2;
    %pushi/vec4 1, 0, 2;
    %store/vec4 v00000265d6f56580_0, 0, 2;
    %pushi/vec4 0, 0, 4;
    %assign/vec4 v00000265d6fabd30_0, 0;
T_0.13 ;
    %jmp T_0.7;
T_0.4 ;
    %load/vec4 v00000265d6f56760_0;
    %flag_set/vec4 8;
    %jmp/0xz  T_0.16, 8;
    %load/vec4 v00000265d6fab790_0;
    %pad/u 32;
    %pushi/vec4 1, 0, 32;
    %ix/getv 4, v00000265d6f56440_0;
    %shiftl 4;
    %and;
    %cmpi/ne 0, 0, 32;
    %jmp/0xz  T_0.18, 4;
    %pushi/vec4 3, 0, 2;
    %store/vec4 v00000265d6fac0f0_0, 0, 2;
    %load/vec4 v00000265d6f56440_0;
    %store/vec4 v00000265d6fac230_0, 0, 2;
    %pushi/vec4 0, 0, 2;
    %store/vec4 v00000265d6f56580_0, 0, 2;
    %pushi/vec4 4, 0, 4;
    %assign/vec4 v00000265d6fabd30_0, 0;
    %pushi/vec4 1, 0, 1;
    %assign/vec4 v00000265d6f566c0_0, 0;
    %pushi/vec4 2, 0, 4;
    %assign/vec4 v00000265d6f56620_0, 0;
    %jmp T_0.19;
T_0.18 ;
    %pushi/vec4 2, 0, 2;
    %store/vec4 v00000265d6fac0f0_0, 0, 2;
    %load/vec4 v00000265d6f56440_0;
    %subi 1, 0, 2;
    %store/vec4 v00000265d6fac230_0, 0, 2;
    %pushi/vec4 2, 0, 2;
    %store/vec4 v00000265d6f56580_0, 0, 2;
    %pushi/vec4 0, 0, 4;
    %assign/vec4 v00000265d6fabd30_0, 0;
T_0.19 ;
    %jmp T_0.17;
T_0.16 ;
    %pushi/vec4 2, 0, 2;
    %store/vec4 v00000265d6fac0f0_0, 0, 2;
    %load/vec4 v00000265d6f56440_0;
    %store/vec4 v00000265d6fac230_0, 0, 2;
    %pushi/vec4 2, 0, 2;
    %store/vec4 v00000265d6f56580_0, 0, 2;
    %pushi/vec4 0, 0, 4;
    %assign/vec4 v00000265d6fabd30_0, 0;
T_0.17 ;
    %jmp T_0.7;
T_0.5 ;
    %load/vec4 v00000265d6f56620_0;
    %cmpi/u 0, 0, 4;
    %flag_or 5, 4; GT is !LE
    %flag_inv 5;
    %jmp/0xz  T_0.20, 5;
    %load/vec4 v00000265d6f56620_0;
    %subi 1, 0, 4;
    %assign/vec4 v00000265d6f56620_0, 0;
    %pushi/vec4 1, 0, 1;
    %assign/vec4 v00000265d6f566c0_0, 0;
    %pushi/vec4 3, 0, 2;
    %assign/vec4 v00000265d6fac0f0_0, 0;
    %jmp T_0.21;
T_0.20 ;
    %load/vec4 v00000265d6fabd30_0;
    %cmpi/u 0, 0, 4;
    %flag_or 5, 4; GT is !LE
    %flag_inv 5;
    %jmp/0xz  T_0.22, 5;
    %load/vec4 v00000265d6fabd30_0;
    %subi 1, 0, 4;
    %assign/vec4 v00000265d6fabd30_0, 0;
    %pushi/vec4 1, 0, 1;
    %assign/vec4 v00000265d6f566c0_0, 0;
    %jmp T_0.23;
T_0.22 ;
    %load/vec4 v00000265d6fab790_0;
    %pushi/vec4 1, 0, 3;
    %ix/getv 4, v00000265d6f56440_0;
    %shiftl 4;
    %inv;
    %and;
    %assign/vec4 v00000265d6fab790_0, 0;
    %pushi/vec4 0, 0, 2;
    %assign/vec4 v00000265d6fac0f0_0, 0;
    %pushi/vec4 0, 0, 1;
    %assign/vec4 v00000265d6f566c0_0, 0;
T_0.23 ;
T_0.21 ;
    %jmp T_0.7;
T_0.6 ;
    %load/vec4 v00000265d6fab790_0;
    %cmpi/ne 0, 0, 3;
    %jmp/0xz  T_0.24, 4;
    %load/vec4 v00000265d6f56440_0;
    %pad/u 3;
    %load/vec4 v00000265d6fab790_0;
    %cmp/u;
    %jmp/0xz  T_0.26, 5;
    %pushi/vec4 1, 0, 2;
    %store/vec4 v00000265d6fac0f0_0, 0, 2;
    %load/vec4 v00000265d6f56440_0;
    %addi 1, 0, 2;
    %store/vec4 v00000265d6fac230_0, 0, 2;
    %pushi/vec4 1, 0, 2;
    %store/vec4 v00000265d6f56580_0, 0, 2;
    %jmp T_0.27;
T_0.26 ;
    %pushi/vec4 2, 0, 2;
    %store/vec4 v00000265d6fac0f0_0, 0, 2;
    %load/vec4 v00000265d6f56440_0;
    %subi 1, 0, 2;
    %store/vec4 v00000265d6fac230_0, 0, 2;
    %pushi/vec4 2, 0, 2;
    %store/vec4 v00000265d6f56580_0, 0, 2;
T_0.27 ;
    %jmp T_0.25;
T_0.24 ;
    %pushi/vec4 0, 0, 2;
    %store/vec4 v00000265d6fac0f0_0, 0, 2;
    %load/vec4 v00000265d6f56440_0;
    %store/vec4 v00000265d6fac230_0, 0, 2;
    %pushi/vec4 0, 0, 2;
    %store/vec4 v00000265d6f56580_0, 0, 2;
T_0.25 ;
    %jmp T_0.7;
T_0.7 ;
    %pop/vec4 1;
T_0.1 ;
    %jmp T_0;
    .thread T_0;
    .scope S_00000265d6f57010;
T_1 ;
    %delay 5, 0;
    %load/vec4 v00000265d6fabe70_0;
    %inv;
    %store/vec4 v00000265d6fabe70_0, 0, 1;
    %jmp T_1;
    .thread T_1;
    .scope S_00000265d6f57010;
T_2 ;
    %pushi/vec4 1, 0, 1;
    %store/vec4 v00000265d6fabe70_0, 0, 1;
    %pushi/vec4 0, 0, 1;
    %store/vec4 v00000265d6fac2d0_0, 0, 1;
    %pushi/vec4 0, 0, 1;
    %store/vec4 v00000265d6fabab0_0, 0, 1;
    %pushi/vec4 0, 0, 1;
    %store/vec4 v00000265d6fac050_0, 0, 1;
    %pushi/vec4 0, 0, 1;
    %store/vec4 v00000265d6fac190_0, 0, 1;
    %pushi/vec4 0, 0, 1;
    %store/vec4 v00000265d6fabf10_0, 0, 1;
    %pushi/vec4 1, 0, 1;
    %store/vec4 v00000265d6fac2d0_0, 0, 1;
    %delay 10, 0;
    %pushi/vec4 0, 0, 1;
    %store/vec4 v00000265d6fac2d0_0, 0, 1;
    %delay 10, 0;
    %wait E_00000265d6f2dd20;
    %pushi/vec4 1, 0, 1;
    %store/vec4 v00000265d6fac050_0, 0, 1;
    %wait E_00000265d6f2dd20;
    %pushi/vec4 0, 0, 1;
    %store/vec4 v00000265d6fac050_0, 0, 1;
    %delay 25, 0;
    %pushi/vec4 1, 0, 1;
    %store/vec4 v00000265d6fabf10_0, 0, 1;
    %wait E_00000265d6f2dd20;
    %pushi/vec4 1, 0, 1;
    %store/vec4 v00000265d6fac190_0, 0, 1;
    %wait E_00000265d6f2dd20;
    %pushi/vec4 0, 0, 1;
    %store/vec4 v00000265d6fac190_0, 0, 1;
    %delay 25, 0;
    %pushi/vec4 1, 0, 1;
    %store/vec4 v00000265d6fabf10_0, 0, 1;
    %wait E_00000265d6f2dd20;
    %pushi/vec4 1, 0, 1;
    %store/vec4 v00000265d6fabab0_0, 0, 1;
    %wait E_00000265d6f2dd20;
    %pushi/vec4 0, 0, 1;
    %store/vec4 v00000265d6fabab0_0, 0, 1;
    %delay 75, 0;
    %pushi/vec4 1, 0, 1;
    %store/vec4 v00000265d6fabf10_0, 0, 1;
    %delay 230, 0;
    %vpi_call 2 72 "$finish" {0 0 0};
    %end;
    .thread T_2;
    .scope S_00000265d6f57010;
T_3 ;
    %wait E_00000265d6f2dd20;
    %load/vec4 v00000265d6fabab0_0;
    %flag_set/vec4 8;
    %jmp/0xz  T_3.0, 8;
    %vpi_call 2 78 "$display", "Floor request: 1" {0 0 0};
T_3.0 ;
    %load/vec4 v00000265d6fac050_0;
    %flag_set/vec4 8;
    %jmp/0xz  T_3.2, 8;
    %vpi_call 2 79 "$display", "Floor request: 2" {0 0 0};
T_3.2 ;
    %load/vec4 v00000265d6fac190_0;
    %flag_set/vec4 8;
    %jmp/0xz  T_3.4, 8;
    %vpi_call 2 80 "$display", "Floor request: 3" {0 0 0};
T_3.4 ;
    %load/vec4 v00000265d6fac5f0_0;
    %flag_set/vec4 8;
    %jmp/0xz  T_3.6, 8;
    %vpi_call 2 82 "$display", "Current floor: 1" {0 0 0};
T_3.6 ;
    %load/vec4 v00000265d6fac550_0;
    %flag_set/vec4 8;
    %jmp/0xz  T_3.8, 8;
    %vpi_call 2 83 "$display", "Current floor: 2" {0 0 0};
T_3.8 ;
    %load/vec4 v00000265d6fabfb0_0;
    %flag_set/vec4 8;
    %jmp/0xz  T_3.10, 8;
    %vpi_call 2 84 "$display", "Current floor: 3" {0 0 0};
T_3.10 ;
    %load/vec4 v00000265d6fac4b0_0;
    %pad/u 2;
    %dup/vec4;
    %pushi/vec4 0, 0, 2;
    %cmp/u;
    %jmp/1 T_3.12, 6;
    %dup/vec4;
    %pushi/vec4 1, 0, 2;
    %cmp/u;
    %jmp/1 T_3.13, 6;
    %dup/vec4;
    %pushi/vec4 2, 0, 2;
    %cmp/u;
    %jmp/1 T_3.14, 6;
    %jmp T_3.15;
T_3.12 ;
    %load/vec4 v00000265d6fab970_0;
    %flag_set/vec4 8;
    %jmp/0xz  T_3.16, 8;
    %vpi_call 2 88 "$display", "Elevator state: Stationary, Door Open" {0 0 0};
    %jmp T_3.17;
T_3.16 ;
    %vpi_call 2 89 "$display", "Elevator state: Stationary, Door Closed" {0 0 0};
T_3.17 ;
    %jmp T_3.15;
T_3.13 ;
    %vpi_call 2 91 "$display", "Elevator direction: Up" {0 0 0};
    %jmp T_3.15;
T_3.14 ;
    %vpi_call 2 92 "$display", "Elevator direction: Down" {0 0 0};
    %jmp T_3.15;
T_3.15 ;
    %pop/vec4 1;
    %vpi_call 2 95 "$display", "-------------------------------------------------------------" {0 0 0};
    %jmp T_3;
    .thread T_3;
# The file index is used to find the file name in the following table.
:file_names 4;
    "N/A";
    "<interactive>";
    "elevator_tb.v";
    "elevator.v";
